08:29:34.740 [main] INFO  testCases.TC_001_AccountRegistration - Starting TC_001_AccountRegistration
08:29:34.750 [main] INFO  testCases.TC_001_AccountRegistration - Opening app URL.....
08:29:37.397 [main] INFO  testCases.TC_001_AccountRegistration - Clicking on MyAccount link.....
08:29:38.043 [main] INFO  testCases.TC_001_AccountRegistration - Clicking on Register link.....
08:29:39.532 [main] INFO  testCases.TC_001_AccountRegistration - Providing user details.....
08:29:39.656 [main] INFO  testCases.TC_001_AccountRegistration - Provided First Name 
08:29:39.785 [main] INFO  testCases.TC_001_AccountRegistration - Provided Last Name 
08:29:39.985 [main] INFO  testCases.TC_001_AccountRegistration - Provided Email 
08:29:40.083 [main] INFO  testCases.TC_001_AccountRegistration - Provided Telephone 
08:29:40.171 [main] INFO  testCases.TC_001_AccountRegistration - Provided Password 
08:29:40.284 [main] INFO  testCases.TC_001_AccountRegistration - Provided Confrmed Password 
08:29:40.384 [main] INFO  testCases.TC_001_AccountRegistration - Set Privacy Policy 
08:29:42.999 [main] INFO  testCases.TC_001_AccountRegistration - Clicked on Continue 
08:29:43.041 [main] INFO  testCases.TC_001_AccountRegistration - Account Registration Success 
08:29:43.046 [main] INFO  testCases.TC_001_AccountRegistration -  Finished TC_001_AccountRegistration 
08:32:14.942 [main] INFO  testCases.TC_001_AccountRegistration - Starting TC_001_AccountRegistration
08:32:14.950 [main] INFO  testCases.TC_001_AccountRegistration - Opening app URL.....
08:32:17.339 [main] INFO  testCases.TC_001_AccountRegistration - Clicking on MyAccount link.....
08:32:17.888 [main] INFO  testCases.TC_001_AccountRegistration - Clicking on Register link.....
08:32:19.355 [main] INFO  testCases.TC_001_AccountRegistration - Providing user details.....
08:32:19.502 [main] INFO  testCases.TC_001_AccountRegistration - Provided First Name 
08:32:19.628 [main] INFO  testCases.TC_001_AccountRegistration - Provided Last Name 
08:32:19.787 [main] INFO  testCases.TC_001_AccountRegistration - Provided Email 
08:32:19.895 [main] INFO  testCases.TC_001_AccountRegistration - Provided Telephone 
08:32:19.996 [main] INFO  testCases.TC_001_AccountRegistration - Provided Password 
08:32:20.092 [main] INFO  testCases.TC_001_AccountRegistration - Provided Confrmed Password 
08:32:20.164 [main] INFO  testCases.TC_001_AccountRegistration - Set Privacy Policy 
08:32:22.744 [main] INFO  testCases.TC_001_AccountRegistration - Clicked on Continue 
08:32:22.796 [main] ERROR testCases.TC_001_AccountRegistration - Account Registration Failed 
08:34:21.392 [main] DEBUG io.netty.util.internal.logging.InternalLoggerFactory - Using Log4J2 as the default logging framework
08:34:21.401 [main] DEBUG io.netty.util.ResourceLeakDetector - -Dio.netty.leakDetection.level: simple
08:34:21.401 [main] DEBUG io.netty.util.ResourceLeakDetector - -Dio.netty.leakDetection.targetRecords: 4
08:34:21.406 [main] DEBUG io.netty.util.ResourceLeakDetectorFactory - Loaded default ResourceLeakDetector: io.netty.util.ResourceLeakDetector@7fc645e4
08:34:21.431 [main] DEBUG io.netty.util.internal.PlatformDependent0 - -Dio.netty.noUnsafe: false
08:34:21.431 [main] DEBUG io.netty.util.internal.PlatformDependent0 - Java version: 15
08:34:21.432 [main] DEBUG io.netty.util.internal.PlatformDependent0 - sun.misc.Unsafe.theUnsafe: available
08:34:21.433 [main] DEBUG io.netty.util.internal.PlatformDependent0 - sun.misc.Unsafe.copyMemory: available
08:34:21.434 [main] DEBUG io.netty.util.internal.PlatformDependent0 - java.nio.Buffer.address: available
08:34:21.435 [main] DEBUG io.netty.util.internal.PlatformDependent0 - direct buffer constructor: unavailable: Reflective setAccessible(true) disabled
08:34:21.437 [main] DEBUG io.netty.util.internal.PlatformDependent0 - java.nio.Bits.unaligned: available, true
08:34:21.439 [main] DEBUG io.netty.util.internal.PlatformDependent0 - jdk.internal.misc.Unsafe.allocateUninitializedArray(int): unavailable: class io.netty.util.internal.PlatformDependent0$6 cannot access class jdk.internal.misc.Unsafe (in module java.base) because module java.base does not export jdk.internal.misc to unnamed module @7965a51c
08:34:21.440 [main] DEBUG io.netty.util.internal.PlatformDependent0 - java.nio.DirectByteBuffer.<init>(long, int): unavailable
08:34:21.440 [main] DEBUG io.netty.util.internal.PlatformDependent - sun.misc.Unsafe: available
08:34:21.441 [main] DEBUG io.netty.util.internal.PlatformDependent - maxDirectMemory: 3152019456 bytes (maybe)
08:34:21.442 [main] DEBUG io.netty.util.internal.PlatformDependent - -Dio.netty.tmpdir: C:\Users\admin\AppData\Local\Temp (java.io.tmpdir)
08:34:21.442 [main] DEBUG io.netty.util.internal.PlatformDependent - -Dio.netty.bitMode: 64 (sun.arch.data.model)
08:34:21.442 [main] DEBUG io.netty.util.internal.PlatformDependent - Platform: Windows
08:34:21.444 [main] DEBUG io.netty.util.internal.PlatformDependent - -Dio.netty.maxDirectMemory: -1 bytes
08:34:21.444 [main] DEBUG io.netty.util.internal.PlatformDependent - -Dio.netty.uninitializedArrayAllocationThreshold: -1
08:34:21.445 [main] DEBUG io.netty.util.internal.CleanerJava9 - java.nio.ByteBuffer.cleaner(): available
08:34:21.446 [main] DEBUG io.netty.util.internal.PlatformDependent - -Dio.netty.noPreferDirect: false
08:34:21.458 [main] DEBUG io.netty.util.internal.PlatformDependent - org.jctools-core.MpscChunkedArrayQueue: available
08:34:21.479 [main] DEBUG io.netty.util.internal.InternalThreadLocalMap - -Dio.netty.threadLocalMap.stringBuilder.initialSize: 1024
08:34:21.480 [main] DEBUG io.netty.util.internal.InternalThreadLocalMap - -Dio.netty.threadLocalMap.stringBuilder.maxSize: 4096
08:34:21.530 [main] DEBUG io.netty.handler.ssl.JdkSslContext - Default protocols (JDK): [TLSv1.3, TLSv1.2, TLSv1.1, TLSv1] 
08:34:21.531 [main] DEBUG io.netty.handler.ssl.JdkSslContext - Default cipher suites (JDK): [TLS_ECDHE_ECDSA_WITH_AES_256_GCM_SHA384, TLS_ECDHE_ECDSA_WITH_AES_128_GCM_SHA256, TLS_ECDHE_RSA_WITH_AES_128_GCM_SHA256, TLS_ECDHE_RSA_WITH_AES_256_GCM_SHA384, TLS_ECDHE_RSA_WITH_AES_128_CBC_SHA, TLS_ECDHE_RSA_WITH_AES_256_CBC_SHA, TLS_RSA_WITH_AES_128_GCM_SHA256, TLS_RSA_WITH_AES_128_CBC_SHA, TLS_RSA_WITH_AES_256_CBC_SHA, TLS_AES_128_GCM_SHA256, TLS_AES_256_GCM_SHA384]
08:34:21.782 [main] DEBUG io.netty.channel.MultithreadEventLoopGroup - -Dio.netty.eventLoopThreads: 8
08:34:22.029 [main] DEBUG io.netty.channel.nio.NioEventLoop - -Dio.netty.noKeySetOptimization: false
08:34:22.030 [main] DEBUG io.netty.channel.nio.NioEventLoop - -Dio.netty.selectorAutoRebuildThreshold: 512
08:34:22.078 [main] DEBUG io.netty.buffer.PooledByteBufAllocator - -Dio.netty.allocator.numHeapArenas: 8
08:34:22.078 [main] DEBUG io.netty.buffer.PooledByteBufAllocator - -Dio.netty.allocator.numDirectArenas: 8
08:34:22.079 [main] DEBUG io.netty.buffer.PooledByteBufAllocator - -Dio.netty.allocator.pageSize: 8192
08:34:22.079 [main] DEBUG io.netty.buffer.PooledByteBufAllocator - -Dio.netty.allocator.maxOrder: 11
08:34:22.079 [main] DEBUG io.netty.buffer.PooledByteBufAllocator - -Dio.netty.allocator.chunkSize: 16777216
08:34:22.079 [main] DEBUG io.netty.buffer.PooledByteBufAllocator - -Dio.netty.allocator.smallCacheSize: 256
08:34:22.079 [main] DEBUG io.netty.buffer.PooledByteBufAllocator - -Dio.netty.allocator.normalCacheSize: 64
08:34:22.079 [main] DEBUG io.netty.buffer.PooledByteBufAllocator - -Dio.netty.allocator.maxCachedBufferCapacity: 32768
08:34:22.079 [main] DEBUG io.netty.buffer.PooledByteBufAllocator - -Dio.netty.allocator.cacheTrimInterval: 8192
08:34:22.079 [main] DEBUG io.netty.buffer.PooledByteBufAllocator - -Dio.netty.allocator.cacheTrimIntervalMillis: 0
08:34:22.079 [main] DEBUG io.netty.buffer.PooledByteBufAllocator - -Dio.netty.allocator.useCacheForAllThreads: true
08:34:22.079 [main] DEBUG io.netty.buffer.PooledByteBufAllocator - -Dio.netty.allocator.maxCachedByteBuffersPerChunk: 1023
08:34:22.092 [main] DEBUG io.netty.buffer.ByteBufUtil - -Dio.netty.allocator.type: pooled
08:34:22.092 [main] DEBUG io.netty.buffer.ByteBufUtil - -Dio.netty.threadLocalDirectBufferSize: 0
08:34:22.092 [main] DEBUG io.netty.buffer.ByteBufUtil - -Dio.netty.maxThreadLocalCharBufferSize: 16384
08:34:22.983 [Forwarding newSession on session null to remote] DEBUG io.netty.channel.DefaultChannelId - -Dio.netty.processId: 11152 (auto-detected)
08:34:22.987 [Forwarding newSession on session null to remote] DEBUG io.netty.util.NetUtil - -Djava.net.preferIPv4Stack: false
08:34:22.987 [Forwarding newSession on session null to remote] DEBUG io.netty.util.NetUtil - -Djava.net.preferIPv6Addresses: false
08:34:23.017 [Forwarding newSession on session null to remote] DEBUG io.netty.util.NetUtilInitializations - Loopback interface: lo (Software Loopback Interface 1, 127.0.0.1)
08:34:23.018 [Forwarding newSession on session null to remote] DEBUG io.netty.util.NetUtil - Failed to get SOMAXCONN from sysctl and file \proc\sys\net\core\somaxconn. Default: 200
08:34:23.108 [Forwarding newSession on session null to remote] DEBUG io.netty.channel.DefaultChannelId - -Dio.netty.machineId: 7c:67:a2:ff:fe:63:71:fd (auto-detected)
08:34:23.180 [AsyncHttpClient-1-2] DEBUG io.netty.buffer.AbstractByteBuf - -Dio.netty.buffer.checkAccessible: true
08:34:23.180 [AsyncHttpClient-1-2] DEBUG io.netty.buffer.AbstractByteBuf - -Dio.netty.buffer.checkBounds: true
08:34:23.180 [AsyncHttpClient-1-2] DEBUG io.netty.util.ResourceLeakDetectorFactory - Loaded default ResourceLeakDetector: io.netty.util.ResourceLeakDetector@2229dafe
08:34:23.217 [AsyncHttpClient-1-2] DEBUG io.netty.util.Recycler - -Dio.netty.recycler.maxCapacityPerThread: 4096
08:34:23.217 [AsyncHttpClient-1-2] DEBUG io.netty.util.Recycler - -Dio.netty.recycler.maxSharedCapacityFactor: 2
08:34:23.217 [AsyncHttpClient-1-2] DEBUG io.netty.util.Recycler - -Dio.netty.recycler.linkCapacity: 16
08:34:23.217 [AsyncHttpClient-1-2] DEBUG io.netty.util.Recycler - -Dio.netty.recycler.ratio: 8
08:34:23.217 [AsyncHttpClient-1-2] DEBUG io.netty.util.Recycler - -Dio.netty.recycler.delayedQueue.ratio: 8
08:34:24.490 [AsyncHttpClient-1-2] DEBUG io.netty.handler.codec.compression.Brotli - brotli4j not in the classpath; Brotli support will be unavailable.
08:34:24.745 [main] DEBUG io.netty.util.internal.ThreadLocalRandom - -Dio.netty.initialSeedUniquifier: 0xa6de25b4b771bbe7
08:34:24.861 [main] INFO  testCases.TC_001_AccountRegistration - Starting TC_001_AccountRegistration
08:34:24.862 [main] DEBUG testCases.TC_001_AccountRegistration - Capturing debug logs.....
08:34:24.862 [main] INFO  testCases.TC_001_AccountRegistration - Opening app URL.....
08:34:27.981 [main] INFO  testCases.TC_001_AccountRegistration - Clicking on MyAccount link.....
08:34:28.569 [main] INFO  testCases.TC_001_AccountRegistration - Clicking on Register link.....
08:34:31.091 [main] INFO  testCases.TC_001_AccountRegistration - Providing user details.....
08:34:31.223 [main] INFO  testCases.TC_001_AccountRegistration - Provided First Name 
08:34:31.353 [main] INFO  testCases.TC_001_AccountRegistration - Provided Last Name 
08:34:31.466 [main] INFO  testCases.TC_001_AccountRegistration - Provided Email 
08:34:31.557 [main] INFO  testCases.TC_001_AccountRegistration - Provided Telephone 
08:34:31.647 [main] INFO  testCases.TC_001_AccountRegistration - Provided Password 
08:34:31.735 [main] INFO  testCases.TC_001_AccountRegistration - Provided Confrmed Password 
08:34:31.809 [main] INFO  testCases.TC_001_AccountRegistration - Set Privacy Policy 
08:34:34.083 [main] INFO  testCases.TC_001_AccountRegistration - Clicked on Continue 
08:34:34.146 [main] ERROR testCases.TC_001_AccountRegistration - Account Registration Failed 
08:36:02.036 [main] DEBUG io.netty.util.internal.logging.InternalLoggerFactory - Using Log4J2 as the default logging framework
08:36:02.046 [main] DEBUG io.netty.util.ResourceLeakDetector - -Dio.netty.leakDetection.level: simple
08:36:02.046 [main] DEBUG io.netty.util.ResourceLeakDetector - -Dio.netty.leakDetection.targetRecords: 4
08:36:02.050 [main] DEBUG io.netty.util.ResourceLeakDetectorFactory - Loaded default ResourceLeakDetector: io.netty.util.ResourceLeakDetector@3bb8aabc
08:36:02.079 [main] DEBUG io.netty.util.internal.PlatformDependent0 - -Dio.netty.noUnsafe: false
08:36:02.079 [main] DEBUG io.netty.util.internal.PlatformDependent0 - Java version: 15
08:36:02.080 [main] DEBUG io.netty.util.internal.PlatformDependent0 - sun.misc.Unsafe.theUnsafe: available
08:36:02.081 [main] DEBUG io.netty.util.internal.PlatformDependent0 - sun.misc.Unsafe.copyMemory: available
08:36:02.082 [main] DEBUG io.netty.util.internal.PlatformDependent0 - java.nio.Buffer.address: available
08:36:02.082 [main] DEBUG io.netty.util.internal.PlatformDependent0 - direct buffer constructor: unavailable: Reflective setAccessible(true) disabled
08:36:02.083 [main] DEBUG io.netty.util.internal.PlatformDependent0 - java.nio.Bits.unaligned: available, true
08:36:02.084 [main] DEBUG io.netty.util.internal.PlatformDependent0 - jdk.internal.misc.Unsafe.allocateUninitializedArray(int): unavailable: class io.netty.util.internal.PlatformDependent0$6 cannot access class jdk.internal.misc.Unsafe (in module java.base) because module java.base does not export jdk.internal.misc to unnamed module @1dc2de84
08:36:02.086 [main] DEBUG io.netty.util.internal.PlatformDependent0 - java.nio.DirectByteBuffer.<init>(long, int): unavailable
08:36:02.087 [main] DEBUG io.netty.util.internal.PlatformDependent - sun.misc.Unsafe: available
08:36:02.089 [main] DEBUG io.netty.util.internal.PlatformDependent - maxDirectMemory: 3152019456 bytes (maybe)
08:36:02.090 [main] DEBUG io.netty.util.internal.PlatformDependent - -Dio.netty.tmpdir: C:\Users\admin\AppData\Local\Temp (java.io.tmpdir)
08:36:02.090 [main] DEBUG io.netty.util.internal.PlatformDependent - -Dio.netty.bitMode: 64 (sun.arch.data.model)
08:36:02.090 [main] DEBUG io.netty.util.internal.PlatformDependent - Platform: Windows
08:36:02.091 [main] DEBUG io.netty.util.internal.PlatformDependent - -Dio.netty.maxDirectMemory: -1 bytes
08:36:02.091 [main] DEBUG io.netty.util.internal.PlatformDependent - -Dio.netty.uninitializedArrayAllocationThreshold: -1
08:36:02.093 [main] DEBUG io.netty.util.internal.CleanerJava9 - java.nio.ByteBuffer.cleaner(): available
08:36:02.094 [main] DEBUG io.netty.util.internal.PlatformDependent - -Dio.netty.noPreferDirect: false
08:36:02.107 [main] DEBUG io.netty.util.internal.PlatformDependent - org.jctools-core.MpscChunkedArrayQueue: available
08:36:02.128 [main] DEBUG io.netty.util.internal.InternalThreadLocalMap - -Dio.netty.threadLocalMap.stringBuilder.initialSize: 1024
08:36:02.128 [main] DEBUG io.netty.util.internal.InternalThreadLocalMap - -Dio.netty.threadLocalMap.stringBuilder.maxSize: 4096
08:36:02.173 [main] DEBUG io.netty.handler.ssl.JdkSslContext - Default protocols (JDK): [TLSv1.3, TLSv1.2, TLSv1.1, TLSv1] 
08:36:02.174 [main] DEBUG io.netty.handler.ssl.JdkSslContext - Default cipher suites (JDK): [TLS_ECDHE_ECDSA_WITH_AES_256_GCM_SHA384, TLS_ECDHE_ECDSA_WITH_AES_128_GCM_SHA256, TLS_ECDHE_RSA_WITH_AES_128_GCM_SHA256, TLS_ECDHE_RSA_WITH_AES_256_GCM_SHA384, TLS_ECDHE_RSA_WITH_AES_128_CBC_SHA, TLS_ECDHE_RSA_WITH_AES_256_CBC_SHA, TLS_RSA_WITH_AES_128_GCM_SHA256, TLS_RSA_WITH_AES_128_CBC_SHA, TLS_RSA_WITH_AES_256_CBC_SHA, TLS_AES_128_GCM_SHA256, TLS_AES_256_GCM_SHA384]
08:36:02.203 [main] DEBUG io.netty.channel.MultithreadEventLoopGroup - -Dio.netty.eventLoopThreads: 8
08:36:02.214 [main] DEBUG io.netty.channel.nio.NioEventLoop - -Dio.netty.noKeySetOptimization: false
08:36:02.214 [main] DEBUG io.netty.channel.nio.NioEventLoop - -Dio.netty.selectorAutoRebuildThreshold: 512
08:36:02.261 [main] DEBUG io.netty.buffer.PooledByteBufAllocator - -Dio.netty.allocator.numHeapArenas: 8
08:36:02.261 [main] DEBUG io.netty.buffer.PooledByteBufAllocator - -Dio.netty.allocator.numDirectArenas: 8
08:36:02.261 [main] DEBUG io.netty.buffer.PooledByteBufAllocator - -Dio.netty.allocator.pageSize: 8192
08:36:02.261 [main] DEBUG io.netty.buffer.PooledByteBufAllocator - -Dio.netty.allocator.maxOrder: 11
08:36:02.262 [main] DEBUG io.netty.buffer.PooledByteBufAllocator - -Dio.netty.allocator.chunkSize: 16777216
08:36:02.262 [main] DEBUG io.netty.buffer.PooledByteBufAllocator - -Dio.netty.allocator.smallCacheSize: 256
08:36:02.262 [main] DEBUG io.netty.buffer.PooledByteBufAllocator - -Dio.netty.allocator.normalCacheSize: 64
08:36:02.262 [main] DEBUG io.netty.buffer.PooledByteBufAllocator - -Dio.netty.allocator.maxCachedBufferCapacity: 32768
08:36:02.262 [main] DEBUG io.netty.buffer.PooledByteBufAllocator - -Dio.netty.allocator.cacheTrimInterval: 8192
08:36:02.262 [main] DEBUG io.netty.buffer.PooledByteBufAllocator - -Dio.netty.allocator.cacheTrimIntervalMillis: 0
08:36:02.262 [main] DEBUG io.netty.buffer.PooledByteBufAllocator - -Dio.netty.allocator.useCacheForAllThreads: true
08:36:02.263 [main] DEBUG io.netty.buffer.PooledByteBufAllocator - -Dio.netty.allocator.maxCachedByteBuffersPerChunk: 1023
08:36:02.274 [main] DEBUG io.netty.buffer.ByteBufUtil - -Dio.netty.allocator.type: pooled
08:36:02.274 [main] DEBUG io.netty.buffer.ByteBufUtil - -Dio.netty.threadLocalDirectBufferSize: 0
08:36:02.274 [main] DEBUG io.netty.buffer.ByteBufUtil - -Dio.netty.maxThreadLocalCharBufferSize: 16384
08:36:03.129 [Forwarding newSession on session null to remote] DEBUG io.netty.channel.DefaultChannelId - -Dio.netty.processId: 10324 (auto-detected)
08:36:03.132 [Forwarding newSession on session null to remote] DEBUG io.netty.util.NetUtil - -Djava.net.preferIPv4Stack: false
08:36:03.132 [Forwarding newSession on session null to remote] DEBUG io.netty.util.NetUtil - -Djava.net.preferIPv6Addresses: false
08:36:03.159 [Forwarding newSession on session null to remote] DEBUG io.netty.util.NetUtilInitializations - Loopback interface: lo (Software Loopback Interface 1, 127.0.0.1)
08:36:03.160 [Forwarding newSession on session null to remote] DEBUG io.netty.util.NetUtil - Failed to get SOMAXCONN from sysctl and file \proc\sys\net\core\somaxconn. Default: 200
08:36:03.233 [Forwarding newSession on session null to remote] DEBUG io.netty.channel.DefaultChannelId - -Dio.netty.machineId: 7c:67:a2:ff:fe:63:71:fd (auto-detected)
08:36:03.309 [AsyncHttpClient-1-2] DEBUG io.netty.buffer.AbstractByteBuf - -Dio.netty.buffer.checkAccessible: true
08:36:03.309 [AsyncHttpClient-1-2] DEBUG io.netty.buffer.AbstractByteBuf - -Dio.netty.buffer.checkBounds: true
08:36:03.309 [AsyncHttpClient-1-2] DEBUG io.netty.util.ResourceLeakDetectorFactory - Loaded default ResourceLeakDetector: io.netty.util.ResourceLeakDetector@78ccef52
08:36:03.343 [AsyncHttpClient-1-2] DEBUG io.netty.util.Recycler - -Dio.netty.recycler.maxCapacityPerThread: 4096
08:36:03.343 [AsyncHttpClient-1-2] DEBUG io.netty.util.Recycler - -Dio.netty.recycler.maxSharedCapacityFactor: 2
08:36:03.343 [AsyncHttpClient-1-2] DEBUG io.netty.util.Recycler - -Dio.netty.recycler.linkCapacity: 16
08:36:03.343 [AsyncHttpClient-1-2] DEBUG io.netty.util.Recycler - -Dio.netty.recycler.ratio: 8
08:36:03.343 [AsyncHttpClient-1-2] DEBUG io.netty.util.Recycler - -Dio.netty.recycler.delayedQueue.ratio: 8
08:36:04.404 [AsyncHttpClient-1-2] DEBUG io.netty.handler.codec.compression.Brotli - brotli4j not in the classpath; Brotli support will be unavailable.
08:36:04.731 [main] DEBUG io.netty.util.internal.ThreadLocalRandom - -Dio.netty.initialSeedUniquifier: 0xce10680e2a4ce971
08:36:04.957 [main] INFO  testCases.TC_001_AccountRegistration - Starting TC_001_AccountRegistration
08:36:04.958 [main] DEBUG testCases.TC_001_AccountRegistration - Capturing debug logs.....
08:36:04.958 [main] INFO  testCases.TC_001_AccountRegistration - Opening app URL.....
08:36:08.717 [main] INFO  testCases.TC_001_AccountRegistration - Clicking on MyAccount link.....
08:36:09.361 [main] INFO  testCases.TC_001_AccountRegistration - Clicking on Register link.....
08:36:10.804 [main] INFO  testCases.TC_001_AccountRegistration - Providing user details.....
08:36:10.919 [main] INFO  testCases.TC_001_AccountRegistration - Provided First Name 
08:36:11.043 [main] INFO  testCases.TC_001_AccountRegistration - Provided Last Name 
08:36:11.214 [main] INFO  testCases.TC_001_AccountRegistration - Provided Email 
08:36:11.319 [main] INFO  testCases.TC_001_AccountRegistration - Provided Telephone 
08:36:11.409 [main] INFO  testCases.TC_001_AccountRegistration - Provided Password 
08:36:11.504 [main] INFO  testCases.TC_001_AccountRegistration - Provided Confrmed Password 
08:36:11.581 [main] INFO  testCases.TC_001_AccountRegistration - Set Privacy Policy 
08:36:14.131 [main] INFO  testCases.TC_001_AccountRegistration - Clicked on Continue 
08:36:14.185 [main] ERROR testCases.TC_001_AccountRegistration - Account Registration Failed 
06:43:56.735 [main] INFO  testCases.TC_001_AccountRegistration - Starting TC_001_AccountRegistration
06:43:56.794 [main] INFO  testCases.TC_001_AccountRegistration - Opening app URL.....
06:44:06.617 [main] INFO  testCases.TC_001_AccountRegistration - Clicking on MyAccount link.....
06:44:06.713 [main] INFO  testCases.TC_001_AccountRegistration - Clicking on Register link.....
06:44:09.593 [main] INFO  testCases.TC_001_AccountRegistration - Providing user details.....
06:44:09.750 [main] INFO  testCases.TC_001_AccountRegistration - Provided First Name 
06:44:09.859 [main] INFO  testCases.TC_001_AccountRegistration - Provided Last Name 
06:44:09.993 [main] INFO  testCases.TC_001_AccountRegistration - Provided Email 
06:44:10.090 [main] INFO  testCases.TC_001_AccountRegistration - Provided Telephone 
06:44:10.190 [main] INFO  testCases.TC_001_AccountRegistration - Provided Password 
06:44:10.267 [main] INFO  testCases.TC_001_AccountRegistration - Provided Confrmed Password 
06:44:10.343 [main] INFO  testCases.TC_001_AccountRegistration - Set Privacy Policy 
06:44:12.548 [main] INFO  testCases.TC_001_AccountRegistration - Clicked on Continue 
06:44:12.612 [main] INFO  testCases.TC_001_AccountRegistration - Account Registration Success 
06:44:12.615 [main] INFO  testCases.TC_001_AccountRegistration -  Finished TC_001_AccountRegistration 
06:50:28.062 [main] INFO  testCases.TC_001_AccountRegistration - Launched Edge Browser
06:50:28.145 [main] INFO  testCases.TC_001_AccountRegistration - Starting TC_001_AccountRegistration
06:50:28.146 [main] INFO  testCases.TC_001_AccountRegistration - Opening app URL.....
06:50:30.826 [main] INFO  testCases.TC_001_AccountRegistration - Clicking on MyAccount link.....
06:50:31.391 [main] INFO  testCases.TC_001_AccountRegistration - Clicking on Register link.....
06:50:32.573 [main] INFO  testCases.TC_001_AccountRegistration - Providing user details.....
06:50:32.743 [main] INFO  testCases.TC_001_AccountRegistration - Provided First Name 
06:50:32.855 [main] INFO  testCases.TC_001_AccountRegistration - Provided Last Name 
06:50:32.990 [main] INFO  testCases.TC_001_AccountRegistration - Provided Email 
06:50:33.074 [main] INFO  testCases.TC_001_AccountRegistration - Provided Telephone 
06:50:33.158 [main] INFO  testCases.TC_001_AccountRegistration - Provided Password 
06:50:33.256 [main] INFO  testCases.TC_001_AccountRegistration - Provided Confrmed Password 
06:50:33.341 [main] INFO  testCases.TC_001_AccountRegistration - Set Privacy Policy 
06:50:35.524 [main] INFO  testCases.TC_001_AccountRegistration - Clicked on Continue 
06:50:35.567 [main] INFO  testCases.TC_001_AccountRegistration - Account Registration Success 
06:50:35.570 [main] INFO  testCases.TC_001_AccountRegistration -  Finished TC_001_AccountRegistration 
06:51:30.273 [main] INFO  testCases.TC_001_AccountRegistration - Launched Firefox Browser
06:51:30.305 [main] INFO  testCases.TC_001_AccountRegistration - Starting TC_001_AccountRegistration
06:51:30.306 [main] INFO  testCases.TC_001_AccountRegistration - Opening app URL.....
06:51:36.389 [main] INFO  testCases.TC_001_AccountRegistration - Clicking on MyAccount link.....
06:51:37.246 [main] INFO  testCases.TC_001_AccountRegistration - Clicking on Register link.....
06:51:40.317 [main] INFO  testCases.TC_001_AccountRegistration - Providing user details.....
06:51:40.661 [main] INFO  testCases.TC_001_AccountRegistration - Provided First Name 
06:51:40.729 [main] INFO  testCases.TC_001_AccountRegistration - Provided Last Name 
06:51:40.776 [main] INFO  testCases.TC_001_AccountRegistration - Provided Email 
06:51:40.854 [main] INFO  testCases.TC_001_AccountRegistration - Provided Telephone 
06:51:40.897 [main] INFO  testCases.TC_001_AccountRegistration - Provided Password 
06:51:40.946 [main] INFO  testCases.TC_001_AccountRegistration - Provided Confrmed Password 
06:51:41.184 [main] INFO  testCases.TC_001_AccountRegistration - Set Privacy Policy 
06:51:46.549 [main] INFO  testCases.TC_001_AccountRegistration - Clicked on Continue 
06:51:50.847 [main] INFO  testCases.TC_001_AccountRegistration - Account Registration Success 
06:51:50.851 [main] INFO  testCases.TC_001_AccountRegistration -  Finished TC_001_AccountRegistration 
06:56:31.750 [TestNG-tests-1] INFO  testCases.TC_001_AccountRegistration - Lanched Chrome Browser
06:56:31.750 [TestNG-tests-2] INFO  testCases.TC_001_AccountRegistration - Launched Edge Browser
06:56:31.817 [TestNG-tests-2] INFO  testCases.TC_001_AccountRegistration - Starting TC_001_AccountRegistration
06:56:31.817 [TestNG-tests-2] INFO  testCases.TC_001_AccountRegistration - Opening app URL.....
06:56:31.822 [TestNG-tests-1] INFO  testCases.TC_001_AccountRegistration - Starting TC_001_AccountRegistration
06:56:31.822 [TestNG-tests-1] INFO  testCases.TC_001_AccountRegistration - Opening app URL.....
06:56:41.536 [TestNG-tests-2] INFO  testCases.TC_001_AccountRegistration - Clicking on MyAccount link.....
06:56:41.745 [TestNG-tests-2] INFO  testCases.TC_001_AccountRegistration - Clicking on Register link.....
06:56:50.047 [TestNG-tests-1] INFO  testCases.TC_001_AccountRegistration - Clicking on MyAccount link.....
06:56:50.188 [TestNG-tests-1] INFO  testCases.TC_001_AccountRegistration - Clicking on Register link.....
06:56:53.136 [TestNG-tests-1] INFO  testCases.TC_001_AccountRegistration - Providing user details.....
06:56:53.267 [TestNG-tests-1] INFO  testCases.TC_001_AccountRegistration - Provided First Name 
06:56:53.405 [TestNG-tests-1] INFO  testCases.TC_001_AccountRegistration - Provided Last Name 
06:56:53.545 [TestNG-tests-1] INFO  testCases.TC_001_AccountRegistration - Provided Email 
06:56:53.659 [TestNG-tests-1] INFO  testCases.TC_001_AccountRegistration - Provided Telephone 
06:56:53.748 [TestNG-tests-1] INFO  testCases.TC_001_AccountRegistration - Provided Password 
06:56:53.843 [TestNG-tests-1] INFO  testCases.TC_001_AccountRegistration - Provided Confrmed Password 
06:56:53.914 [TestNG-tests-1] INFO  testCases.TC_001_AccountRegistration - Set Privacy Policy 
06:56:57.064 [TestNG-tests-1] INFO  testCases.TC_001_AccountRegistration - Clicked on Continue 
06:56:57.131 [TestNG-tests-1] INFO  testCases.TC_001_AccountRegistration - Account Registration Success 
06:56:57.134 [TestNG-tests-1] INFO  testCases.TC_001_AccountRegistration -  Finished TC_001_AccountRegistration 
06:57:13.463 [TestNG-tests-1] INFO  testCases.TC_001_AccountRegistration - Launched Firefox Browser
06:57:13.476 [TestNG-tests-1] INFO  testCases.TC_001_AccountRegistration - Starting TC_001_AccountRegistration
06:57:13.476 [TestNG-tests-1] INFO  testCases.TC_001_AccountRegistration - Opening app URL.....
06:57:16.739 [TestNG-tests-1] INFO  testCases.TC_001_AccountRegistration - Clicking on MyAccount link.....
06:57:17.031 [TestNG-tests-1] INFO  testCases.TC_001_AccountRegistration - Clicking on Register link.....
06:57:18.265 [TestNG-tests-1] INFO  testCases.TC_001_AccountRegistration - Providing user details.....
06:57:18.335 [TestNG-tests-1] INFO  testCases.TC_001_AccountRegistration - Provided First Name 
06:57:18.372 [TestNG-tests-1] INFO  testCases.TC_001_AccountRegistration - Provided Last Name 
06:57:18.431 [TestNG-tests-1] INFO  testCases.TC_001_AccountRegistration - Provided Email 
06:57:18.496 [TestNG-tests-1] INFO  testCases.TC_001_AccountRegistration - Provided Telephone 
06:57:18.566 [TestNG-tests-1] INFO  testCases.TC_001_AccountRegistration - Provided Password 
06:57:18.607 [TestNG-tests-1] INFO  testCases.TC_001_AccountRegistration - Provided Confrmed Password 
06:57:18.859 [TestNG-tests-1] INFO  testCases.TC_001_AccountRegistration - Set Privacy Policy 
06:57:21.018 [TestNG-tests-1] INFO  testCases.TC_001_AccountRegistration - Clicked on Continue 
06:57:21.058 [TestNG-tests-1] INFO  testCases.TC_001_AccountRegistration - Account Registration Success 
06:57:21.058 [TestNG-tests-1] INFO  testCases.TC_001_AccountRegistration -  Finished TC_001_AccountRegistration 
06:57:35.826 [TestNG-tests-2] INFO  testCases.TC_001_AccountRegistration - Providing user details.....
06:57:35.924 [TestNG-tests-2] INFO  testCases.TC_001_AccountRegistration - Provided First Name 
06:57:36.052 [TestNG-tests-2] INFO  testCases.TC_001_AccountRegistration - Provided Last Name 
06:57:36.177 [TestNG-tests-2] INFO  testCases.TC_001_AccountRegistration - Provided Email 
06:57:36.253 [TestNG-tests-2] INFO  testCases.TC_001_AccountRegistration - Provided Telephone 
06:57:36.343 [TestNG-tests-2] INFO  testCases.TC_001_AccountRegistration - Provided Password 
06:57:36.433 [TestNG-tests-2] INFO  testCases.TC_001_AccountRegistration - Provided Confrmed Password 
06:57:36.503 [TestNG-tests-2] INFO  testCases.TC_001_AccountRegistration - Set Privacy Policy 
06:57:43.559 [TestNG-tests-2] INFO  testCases.TC_001_AccountRegistration - Clicked on Continue 
06:57:43.608 [TestNG-tests-2] INFO  testCases.TC_001_AccountRegistration - Account Registration Success 
06:57:43.608 [TestNG-tests-2] INFO  testCases.TC_001_AccountRegistration -  Finished TC_001_AccountRegistration 
07:54:49.781 [main] INFO  testCases.TC_001_AccountRegistration - Lanched Chrome Browser
07:54:49.816 [main] INFO  testCases.TC_001_AccountRegistration - Starting TC_001_AccountRegistration
07:54:49.817 [main] INFO  testCases.TC_001_AccountRegistration - Opening app URL.....
07:54:52.168 [main] INFO  testCases.TC_001_AccountRegistration - Clicking on MyAccount link.....
07:54:52.831 [main] INFO  testCases.TC_001_AccountRegistration - Clicking on Register link.....
07:54:54.073 [main] INFO  testCases.TC_001_AccountRegistration - Providing user details.....
07:54:54.222 [main] INFO  testCases.TC_001_AccountRegistration - Provided First Name 
07:54:54.363 [main] INFO  testCases.TC_001_AccountRegistration - Provided Last Name 
07:54:54.477 [main] INFO  testCases.TC_001_AccountRegistration - Provided Email 
07:54:54.566 [main] INFO  testCases.TC_001_AccountRegistration - Provided Telephone 
07:54:54.655 [main] INFO  testCases.TC_001_AccountRegistration - Provided Password 
07:54:54.747 [main] INFO  testCases.TC_001_AccountRegistration - Provided Confrmed Password 
07:54:54.806 [main] INFO  testCases.TC_001_AccountRegistration - Set Privacy Policy 
07:54:57.035 [main] INFO  testCases.TC_001_AccountRegistration - Clicked on Continue 
07:54:57.095 [main] INFO  testCases.TC_001_AccountRegistration - Account Registration Success 
07:54:57.097 [main] INFO  testCases.TC_001_AccountRegistration -  Finished TC_001_AccountRegistration 
07:56:03.091 [main] INFO  testCases.TC_001_AccountRegistration - Lanched Chrome Browser
07:56:03.151 [main] INFO  testCases.TC_001_AccountRegistration - Starting TC_001_AccountRegistration
07:56:03.151 [main] INFO  testCases.TC_001_AccountRegistration - Opening app URL.....
07:57:09.372 [main] INFO  testCases.TC_001_AccountRegistration - Lanched Chrome Browser
07:57:09.414 [main] INFO  testCases.TC_001_AccountRegistration - Starting TC_001_AccountRegistration
07:57:09.414 [main] INFO  testCases.TC_001_AccountRegistration - Opening app URL.....
07:57:11.663 [main] INFO  testCases.TC_001_AccountRegistration - Clicking on MyAccount link.....
07:57:12.268 [main] INFO  testCases.TC_001_AccountRegistration - Clicking on Register link.....
07:57:13.469 [main] INFO  testCases.TC_001_AccountRegistration - Providing user details.....
07:57:13.602 [main] INFO  testCases.TC_001_AccountRegistration - Provided First Name 
07:57:13.745 [main] INFO  testCases.TC_001_AccountRegistration - Provided Last Name 
07:57:13.865 [main] INFO  testCases.TC_001_AccountRegistration - Provided Email 
07:57:13.963 [main] INFO  testCases.TC_001_AccountRegistration - Provided Telephone 
07:57:14.048 [main] INFO  testCases.TC_001_AccountRegistration - Provided Password 
07:57:14.138 [main] INFO  testCases.TC_001_AccountRegistration - Provided Confrmed Password 
07:57:14.200 [main] INFO  testCases.TC_001_AccountRegistration - Set Privacy Policy 
07:57:16.679 [main] INFO  testCases.TC_001_AccountRegistration - Clicked on Continue 
07:57:17.059 [main] ERROR testCases.TC_001_AccountRegistration - Account Registration Failed 
06:53:40.482 [main] INFO  testCases.TC_002_Login - Lanched Chrome Browser
06:53:40.530 [main] INFO  testCases.TC_002_Login -  Starting TC_002_Login 
06:53:43.173 [main] INFO  testCases.TC_002_Login - Home Page Displayed 
06:53:43.949 [main] INFO  testCases.TC_002_Login - Clicked on My Account 
06:53:45.389 [main] INFO  testCases.TC_002_Login - Clicked on Login 
06:53:45.549 [main] INFO  testCases.TC_002_Login - Provided Email 
06:53:45.662 [main] INFO  testCases.TC_002_Login - Provided Password 
06:53:47.196 [main] INFO  testCases.TC_002_Login - Clicked on Login
06:53:57.253 [main] ERROR testCases.TC_002_Login - Login Failed 
07:02:57.544 [main] INFO  testCases.TC_002_Login - Lanched Chrome Browser
07:02:57.594 [main] INFO  testCases.TC_002_Login -  Starting TC_002_Login 
07:02:59.732 [main] INFO  testCases.TC_002_Login - Home Page Displayed 
07:03:00.430 [main] INFO  testCases.TC_002_Login - Clicked on My Account 
07:03:01.209 [main] INFO  testCases.TC_002_Login - Clicked on Login 
07:03:01.362 [main] INFO  testCases.TC_002_Login - Provided Email 
07:03:01.475 [main] INFO  testCases.TC_002_Login - Provided Password 
07:03:02.301 [main] INFO  testCases.TC_002_Login - Clicked on Login
07:03:02.405 [main] INFO  testCases.TC_002_Login - Login Success 
07:03:02.407 [main] INFO  testCases.TC_002_Login -  Finished TC_002_Login 
07:03:33.125 [main] INFO  testCases.TC_001_AccountRegistration - Lanched Chrome Browser
07:03:33.273 [main] INFO  testCases.TC_001_AccountRegistration - Starting TC_001_AccountRegistration
07:03:33.274 [main] INFO  testCases.TC_001_AccountRegistration - Opening app URL.....
07:03:35.586 [main] INFO  testCases.TC_001_AccountRegistration - Clicking on MyAccount link.....
07:03:36.066 [main] INFO  testCases.TC_001_AccountRegistration - Clicking on Register link.....
07:03:36.712 [main] INFO  testCases.TC_001_AccountRegistration - Providing user details.....
07:03:36.876 [main] INFO  testCases.TC_001_AccountRegistration - Provided First Name 
07:03:37.022 [main] INFO  testCases.TC_001_AccountRegistration - Provided Last Name 
07:03:37.142 [main] INFO  testCases.TC_001_AccountRegistration - Provided Email 
07:03:37.241 [main] INFO  testCases.TC_001_AccountRegistration - Provided Telephone 
07:03:37.317 [main] INFO  testCases.TC_001_AccountRegistration - Provided Password 
07:03:37.416 [main] INFO  testCases.TC_001_AccountRegistration - Provided Confrmed Password 
07:03:37.507 [main] INFO  testCases.TC_001_AccountRegistration - Set Privacy Policy 
07:03:40.173 [main] INFO  testCases.TC_001_AccountRegistration - Clicked on Continue 
07:03:40.448 [main] ERROR testCases.TC_001_AccountRegistration - Account Registration Failed 
07:03:43.008 [main] INFO  testCases.TC_002_Login - Lanched Chrome Browser
07:03:43.016 [main] INFO  testCases.TC_002_Login -  Starting TC_002_Login 
07:03:45.461 [main] INFO  testCases.TC_002_Login - Home Page Displayed 
07:03:46.228 [main] INFO  testCases.TC_002_Login - Clicked on My Account 
07:03:46.691 [main] INFO  testCases.TC_002_Login - Clicked on Login 
07:03:46.828 [main] INFO  testCases.TC_002_Login - Provided Email 
07:03:46.930 [main] INFO  testCases.TC_002_Login - Provided Password 
07:03:47.574 [main] INFO  testCases.TC_002_Login - Clicked on Login
07:03:47.659 [main] INFO  testCases.TC_002_Login - Login Success 
07:03:47.659 [main] INFO  testCases.TC_002_Login -  Finished TC_002_Login 
07:35:13.812 [main] INFO  testCases.TC_003_LoginDDT - Lanched Chrome Browser
07:35:15.453 [main] INFO  testCases.TC_003_LoginDDT -  Starting TC_003_LoginDDT 
07:35:17.497 [main] INFO  testCases.TC_003_LoginDDT - Home Page Displayed 
07:35:18.023 [main] INFO  testCases.TC_003_LoginDDT - Clicked on My Account 
07:35:18.937 [main] INFO  testCases.TC_003_LoginDDT - Clicked on Login 
07:35:19.072 [main] INFO  testCases.TC_003_LoginDDT - Provided Email 
07:35:19.171 [main] INFO  testCases.TC_003_LoginDDT - Provided Password 
07:35:20.355 [main] INFO  testCases.TC_003_LoginDDT - Clicked on Login
07:35:20.457 [main] INFO  testCases.TC_003_LoginDDT - Login Success 
07:35:21.121 [main] INFO  testCases.TC_003_LoginDDT -  Finished TC_003_LoginDDT 
07:35:21.156 [main] INFO  testCases.TC_003_LoginDDT -  Starting TC_003_LoginDDT 
07:35:22.084 [main] INFO  testCases.TC_003_LoginDDT - Home Page Displayed 
07:35:22.183 [main] INFO  testCases.TC_003_LoginDDT - Clicked on My Account 
07:35:22.734 [main] INFO  testCases.TC_003_LoginDDT - Clicked on Login 
07:35:22.913 [main] INFO  testCases.TC_003_LoginDDT - Provided Email 
07:35:23.010 [main] INFO  testCases.TC_003_LoginDDT - Provided Password 
07:35:23.670 [main] INFO  testCases.TC_003_LoginDDT - Clicked on Login
07:35:33.719 [main] ERROR testCases.TC_003_LoginDDT - Login Failed 
07:35:33.719 [main] INFO  testCases.TC_003_LoginDDT -  Finished TC_003_LoginDDT 
07:35:33.725 [main] INFO  testCases.TC_003_LoginDDT -  Starting TC_003_LoginDDT 
07:35:34.625 [main] INFO  testCases.TC_003_LoginDDT - Home Page Displayed 
07:35:34.777 [main] INFO  testCases.TC_003_LoginDDT - Clicked on My Account 
07:35:35.319 [main] INFO  testCases.TC_003_LoginDDT - Clicked on Login 
07:35:35.413 [main] INFO  testCases.TC_003_LoginDDT - Provided Email 
07:35:35.502 [main] INFO  testCases.TC_003_LoginDDT - Provided Password 
07:35:35.931 [main] INFO  testCases.TC_003_LoginDDT - Clicked on Login
07:35:45.977 [main] ERROR testCases.TC_003_LoginDDT - Login Failed 
07:35:45.977 [main] INFO  testCases.TC_003_LoginDDT -  Finished TC_003_LoginDDT 
07:35:45.980 [main] INFO  testCases.TC_003_LoginDDT -  Starting TC_003_LoginDDT 
07:35:46.611 [main] INFO  testCases.TC_003_LoginDDT - Home Page Displayed 
07:35:46.701 [main] INFO  testCases.TC_003_LoginDDT - Clicked on My Account 
07:35:47.128 [main] INFO  testCases.TC_003_LoginDDT - Clicked on Login 
07:35:47.241 [main] INFO  testCases.TC_003_LoginDDT - Provided Email 
07:35:47.328 [main] INFO  testCases.TC_003_LoginDDT - Provided Password 
07:35:47.946 [main] INFO  testCases.TC_003_LoginDDT - Clicked on Login
07:35:57.986 [main] ERROR testCases.TC_003_LoginDDT - Login Failed 
07:35:57.986 [main] INFO  testCases.TC_003_LoginDDT -  Finished TC_003_LoginDDT 
07:45:05.341 [main] INFO  testCases.TC_002_Login - Lanched Chrome Browser
07:45:05.386 [main] INFO  testCases.TC_002_Login -  Starting TC_002_Login 
07:45:08.080 [main] INFO  testCases.TC_002_Login - Home Page Displayed 
07:45:08.466 [main] INFO  testCases.TC_002_Login - Clicked on My Account 
07:45:09.023 [main] INFO  testCases.TC_002_Login - Clicked on Login 
07:45:09.172 [main] INFO  testCases.TC_002_Login - Provided Email 
07:45:09.284 [main] INFO  testCases.TC_002_Login - Provided Password 
07:45:09.865 [main] INFO  testCases.TC_002_Login - Clicked on Login
07:45:09.951 [main] INFO  testCases.TC_002_Login - Login Success 
07:45:09.953 [main] INFO  testCases.TC_002_Login -  Finished TC_002_Login 
07:47:53.260 [main] INFO  testCases.TC_001_AccountRegistration - Lanched Chrome Browser
07:47:53.301 [main] INFO  testCases.TC_001_AccountRegistration - Starting TC_001_AccountRegistration
07:47:53.301 [main] INFO  testCases.TC_001_AccountRegistration - Opening app URL.....
07:47:55.343 [main] INFO  testCases.TC_001_AccountRegistration - Clicking on MyAccount link.....
07:47:55.448 [main] INFO  testCases.TC_001_AccountRegistration - Clicking on Register link.....
07:47:56.399 [main] INFO  testCases.TC_001_AccountRegistration - Providing user details.....
07:47:56.533 [main] INFO  testCases.TC_001_AccountRegistration - Provided First Name 
07:47:56.675 [main] INFO  testCases.TC_001_AccountRegistration - Provided Last Name 
07:47:56.796 [main] INFO  testCases.TC_001_AccountRegistration - Provided Email 
07:47:56.908 [main] INFO  testCases.TC_001_AccountRegistration - Provided Telephone 
07:47:57.010 [main] INFO  testCases.TC_001_AccountRegistration - Provided Password 
07:47:57.111 [main] INFO  testCases.TC_001_AccountRegistration - Provided Confrmed Password 
07:47:57.186 [main] INFO  testCases.TC_001_AccountRegistration - Set Privacy Policy 
07:47:59.797 [main] INFO  testCases.TC_001_AccountRegistration - Clicked on Continue 
07:47:59.861 [main] INFO  testCases.TC_001_AccountRegistration - Account Registration Success 
07:47:59.863 [main] INFO  testCases.TC_001_AccountRegistration -  Finished TC_001_AccountRegistration 
07:48:24.993 [main] INFO  testCases.TC_001_AccountRegistration - Lanched Chrome Browser
07:48:25.071 [main] INFO  testCases.TC_001_AccountRegistration - Starting TC_001_AccountRegistration
07:48:25.071 [main] INFO  testCases.TC_001_AccountRegistration - Opening app URL.....
07:48:27.472 [main] INFO  testCases.TC_001_AccountRegistration - Clicking on MyAccount link.....
07:48:27.572 [main] INFO  testCases.TC_001_AccountRegistration - Clicking on Register link.....
07:48:28.248 [main] INFO  testCases.TC_001_AccountRegistration - Providing user details.....
07:48:28.440 [main] INFO  testCases.TC_001_AccountRegistration - Provided First Name 
07:48:28.588 [main] INFO  testCases.TC_001_AccountRegistration - Provided Last Name 
07:48:28.716 [main] INFO  testCases.TC_001_AccountRegistration - Provided Email 
07:48:28.849 [main] INFO  testCases.TC_001_AccountRegistration - Provided Telephone 
07:48:28.947 [main] INFO  testCases.TC_001_AccountRegistration - Provided Password 
07:48:29.047 [main] INFO  testCases.TC_001_AccountRegistration - Provided Confrmed Password 
07:48:29.154 [main] INFO  testCases.TC_001_AccountRegistration - Set Privacy Policy 
07:48:31.861 [main] INFO  testCases.TC_001_AccountRegistration - Clicked on Continue 
07:48:31.901 [main] INFO  testCases.TC_001_AccountRegistration - Account Registration Success 
07:48:31.905 [main] INFO  testCases.TC_001_AccountRegistration -  Finished TC_001_AccountRegistration 
07:48:34.476 [main] INFO  testCases.TC_002_Login - Lanched Chrome Browser
07:48:34.489 [main] INFO  testCases.TC_002_Login -  Starting TC_002_Login 
07:48:38.003 [main] INFO  testCases.TC_002_Login - Home Page Displayed 
07:48:38.333 [main] INFO  testCases.TC_002_Login - Clicked on My Account 
07:48:38.872 [main] INFO  testCases.TC_002_Login - Clicked on Login 
07:48:39.024 [main] INFO  testCases.TC_002_Login - Provided Email 
07:48:39.124 [main] INFO  testCases.TC_002_Login - Provided Password 
07:48:39.776 [main] INFO  testCases.TC_002_Login - Clicked on Login
07:48:39.849 [main] INFO  testCases.TC_002_Login - Login Success 
07:48:39.850 [main] INFO  testCases.TC_002_Login -  Finished TC_002_Login 
06:47:30.869 [main] INFO  testCases.TC_001_AccountRegistration - Lanched Chrome Browser
06:47:30.982 [main] INFO  testCases.TC_001_AccountRegistration - Starting TC_001_AccountRegistration
06:47:30.983 [main] INFO  testCases.TC_001_AccountRegistration - Opening app URL.....
06:47:33.929 [main] INFO  testCases.TC_001_AccountRegistration - Clicking on MyAccount link.....
06:47:34.069 [main] INFO  testCases.TC_001_AccountRegistration - Clicking on Register link.....
06:47:35.776 [main] INFO  testCases.TC_001_AccountRegistration - Providing user details.....
06:47:36.194 [main] INFO  testCases.TC_001_AccountRegistration - Provided First Name 
06:47:36.291 [main] INFO  testCases.TC_001_AccountRegistration - Provided Last Name 
06:47:36.400 [main] INFO  testCases.TC_001_AccountRegistration - Provided Email 
06:47:36.491 [main] INFO  testCases.TC_001_AccountRegistration - Provided Telephone 
06:47:36.577 [main] INFO  testCases.TC_001_AccountRegistration - Provided Password 
06:47:36.676 [main] INFO  testCases.TC_001_AccountRegistration - Provided Confrmed Password 
06:47:36.733 [main] INFO  testCases.TC_001_AccountRegistration - Set Privacy Policy 
06:47:40.394 [main] INFO  testCases.TC_001_AccountRegistration - Clicked on Continue 
06:47:40.697 [main] ERROR testCases.TC_001_AccountRegistration - Account Registration Failed 
06:47:43.653 [main] INFO  testCases.TC_002_Login - Lanched Chrome Browser
06:47:43.686 [main] INFO  testCases.TC_002_Login -  Starting TC_002_Login 
06:47:46.472 [main] INFO  testCases.TC_002_Login - Home Page Displayed 
06:47:46.788 [main] INFO  testCases.TC_002_Login - Clicked on My Account 
06:47:47.502 [main] INFO  testCases.TC_002_Login - Clicked on Login 
06:47:47.650 [main] INFO  testCases.TC_002_Login - Provided Email 
06:47:47.770 [main] INFO  testCases.TC_002_Login - Provided Password 
06:47:48.886 [main] INFO  testCases.TC_002_Login - Clicked on Login
06:47:48.951 [main] INFO  testCases.TC_002_Login - Login Success 
06:47:48.951 [main] INFO  testCases.TC_002_Login -  Finished TC_002_Login 
06:50:01.725 [main] INFO  testCases.TC_001_AccountRegistration - Lanched Chrome Browser
06:50:01.807 [main] INFO  testCases.TC_001_AccountRegistration - Starting TC_001_AccountRegistration
06:50:01.807 [main] INFO  testCases.TC_001_AccountRegistration - Opening app URL.....
06:50:04.535 [main] INFO  testCases.TC_001_AccountRegistration - Clicking on MyAccount link.....
06:50:05.115 [main] INFO  testCases.TC_001_AccountRegistration - Clicking on Register link.....
06:50:05.899 [main] INFO  testCases.TC_001_AccountRegistration - Providing user details.....
06:50:06.065 [main] INFO  testCases.TC_001_AccountRegistration - Provided First Name 
06:50:06.199 [main] INFO  testCases.TC_001_AccountRegistration - Provided Last Name 
06:50:06.325 [main] INFO  testCases.TC_001_AccountRegistration - Provided Email 
06:50:06.414 [main] INFO  testCases.TC_001_AccountRegistration - Provided Telephone 
06:50:06.506 [main] INFO  testCases.TC_001_AccountRegistration - Provided Password 
06:50:06.614 [main] INFO  testCases.TC_001_AccountRegistration - Provided Confrmed Password 
06:50:06.683 [main] INFO  testCases.TC_001_AccountRegistration - Set Privacy Policy 
06:50:09.400 [main] INFO  testCases.TC_001_AccountRegistration - Clicked on Continue 
06:50:09.444 [main] INFO  testCases.TC_001_AccountRegistration - Account Registration Success 
06:50:09.445 [main] INFO  testCases.TC_001_AccountRegistration -  Finished TC_001_AccountRegistration 
07:12:07.416 [main] INFO  testCases.TC_001_AccountRegistration - Lanched Chrome Browser
07:12:07.489 [main] INFO  testCases.TC_001_AccountRegistration - Starting TC_001_AccountRegistration
07:12:07.490 [main] INFO  testCases.TC_001_AccountRegistration - Opening app URL.....
07:12:09.795 [main] INFO  testCases.TC_001_AccountRegistration - Clicking on MyAccount link.....
07:12:10.402 [main] INFO  testCases.TC_001_AccountRegistration - Clicking on Register link.....
07:12:11.187 [main] INFO  testCases.TC_001_AccountRegistration - Providing user details.....
07:12:11.434 [main] INFO  testCases.TC_001_AccountRegistration - Provided First Name 
07:12:11.573 [main] INFO  testCases.TC_001_AccountRegistration - Provided Last Name 
07:12:11.753 [main] INFO  testCases.TC_001_AccountRegistration - Provided Email 
07:12:11.838 [main] INFO  testCases.TC_001_AccountRegistration - Provided Telephone 
07:12:11.931 [main] INFO  testCases.TC_001_AccountRegistration - Provided Password 
07:12:12.019 [main] INFO  testCases.TC_001_AccountRegistration - Provided Confrmed Password 
07:12:12.082 [main] INFO  testCases.TC_001_AccountRegistration - Set Privacy Policy 
07:12:14.918 [main] INFO  testCases.TC_001_AccountRegistration - Clicked on Continue 
07:12:14.966 [main] INFO  testCases.TC_001_AccountRegistration - Account Registration Success 
07:12:14.968 [main] INFO  testCases.TC_001_AccountRegistration -  Finished TC_001_AccountRegistration 
07:12:17.687 [main] INFO  testCases.TC_002_Login - Lanched Chrome Browser
07:12:17.701 [main] INFO  testCases.TC_002_Login -  Starting TC_002_Login 
07:12:19.915 [main] INFO  testCases.TC_002_Login - Home Page Displayed 
07:12:30.221 [main] FATAL testCases.TC_002_Login - Login Failed 
07:13:02.701 [main] INFO  testCases.TC_001_AccountRegistration - Lanched Chrome Browser
07:13:02.751 [main] INFO  testCases.TC_001_AccountRegistration - Starting TC_001_AccountRegistration
07:13:02.753 [main] INFO  testCases.TC_001_AccountRegistration - Opening app URL.....
07:13:05.008 [main] INFO  testCases.TC_001_AccountRegistration - Clicking on MyAccount link.....
07:13:05.130 [main] INFO  testCases.TC_001_AccountRegistration - Clicking on Register link.....
07:13:06.167 [main] INFO  testCases.TC_001_AccountRegistration - Providing user details.....
07:13:06.293 [main] INFO  testCases.TC_001_AccountRegistration - Provided First Name 
07:13:06.434 [main] INFO  testCases.TC_001_AccountRegistration - Provided Last Name 
07:13:06.554 [main] INFO  testCases.TC_001_AccountRegistration - Provided Email 
07:13:06.656 [main] INFO  testCases.TC_001_AccountRegistration - Provided Telephone 
07:13:06.764 [main] INFO  testCases.TC_001_AccountRegistration - Provided Password 
